<?xml version="1.0" encoding="UTF-8"?>
<!-- Generated by org.testng.reporters.JUnitReportReporter -->
<testsuite hostname="LAPTOP-PATGFM90" name="projecttestcases.Testapp" tests="1" failures="0" timestamp="24 Feb 2020 05:06:42 GMT" time="19.225" errors="0">
  <testcase name="testCase" time="19.225" classname="projecttestcases.Testapp"/>
</testsuite> <!-- projecttestcases.Testapp -->
